<?xml version="1.0" encoding="UTF-8"?>
<testsuite xmlns:xsi="http://www.w3.org/2001/XMLSchema-instance" xsi:noNamespaceSchemaLocation="https://maven.apache.org/surefire/maven-surefire-plugin/xsd/surefire-test-report.xsd" name="daffa.naufal.fajriansyah.maven.AppTest" time="0.146" tests="1" errors="0" skipped="0" failures="0">
  <properties>
    <property name="java.specification.version" value="19"/>
    <property name="sun.cpu.isalist" value="amd64"/>
    <property name="sun.jnu.encoding" value="Cp1252"/>
    <property name="java.class.path" value="D:\Playground\Pemrograman-Java\Java-Apache-Maven\Java-Apache-Maven-App\target\test-classes;D:\Playground\Pemrograman-Java\Java-Apache-Maven\Java-Apache-Maven-App\target\classes;C:\Users\asus\.m2\repository\com\google\code\gson\gson\2.10.1\gson-2.10.1.jar;D:\Playground\Pemrograman-Java\Java-Apache-Maven\Java-Apache-Maven-Data\target\java-apache-maven-data-1.0-SNAPSHOT.jar;C:\Users\asus\.m2\repository\junit\junit\4.11\junit-4.11.jar;C:\Users\asus\.m2\repository\org\hamcrest\hamcrest-core\1.3\hamcrest-core-1.3.jar;"/>
    <property name="java.vm.vendor" value="Oracle Corporation"/>
    <property name="sun.arch.data.model" value="64"/>
    <property name="user.variant" value=""/>
    <property name="java.vendor.url" value="https://java.oracle.com/"/>
    <property name="user.timezone" value="Asia/Bangkok"/>
    <property name="os.name" value="Windows 11"/>
    <property name="java.vm.specification.version" value="19"/>
    <property name="sun.java.launcher" value="SUN_STANDARD"/>
    <property name="user.country" value="US"/>
    <property name="sun.boot.library.path" value="C:\Program Files\Java\jdk-19.0.1\bin"/>
    <property name="sun.java.command" value="C:\Users\asus\AppData\Local\Temp\surefire1531781061792170704\surefirebooter9918816436491247733.jar C:\Users\asus\AppData\Local\Temp\surefire1531781061792170704 2023-01-29T13-33-10_180-jvmRun1 surefire16643642220554630937tmp surefire_03058419884204785408tmp"/>
    <property name="jdk.debug" value="release"/>
    <property name="surefire.test.class.path" value="D:\Playground\Pemrograman-Java\Java-Apache-Maven\Java-Apache-Maven-App\target\test-classes;D:\Playground\Pemrograman-Java\Java-Apache-Maven\Java-Apache-Maven-App\target\classes;C:\Users\asus\.m2\repository\com\google\code\gson\gson\2.10.1\gson-2.10.1.jar;D:\Playground\Pemrograman-Java\Java-Apache-Maven\Java-Apache-Maven-Data\target\java-apache-maven-data-1.0-SNAPSHOT.jar;C:\Users\asus\.m2\repository\junit\junit\4.11\junit-4.11.jar;C:\Users\asus\.m2\repository\org\hamcrest\hamcrest-core\1.3\hamcrest-core-1.3.jar;"/>
    <property name="sun.cpu.endian" value="little"/>
    <property name="user.home" value="C:\Users\asus"/>
    <property name="user.language" value="en"/>
    <property name="java.specification.vendor" value="Oracle Corporation"/>
    <property name="java.version.date" value="2022-10-18"/>
    <property name="java.home" value="C:\Program Files\Java\jdk-19.0.1"/>
    <property name="file.separator" value="\"/>
    <property name="basedir" value="D:\Playground\Pemrograman-Java\Java-Apache-Maven\Java-Apache-Maven-App"/>
    <property name="java.vm.compressedOopsMode" value="32-bit"/>
    <property name="line.separator" value="&#10;"/>
    <property name="java.vm.specification.vendor" value="Oracle Corporation"/>
    <property name="java.specification.name" value="Java Platform API Specification"/>
    <property name="surefire.real.class.path" value="C:\Users\asus\AppData\Local\Temp\surefire1531781061792170704\surefirebooter9918816436491247733.jar"/>
    <property name="user.script" value=""/>
    <property name="sun.management.compiler" value="HotSpot 64-Bit Tiered Compilers"/>
    <property name="java.runtime.version" value="19.0.1+10-21"/>
    <property name="user.name" value="asus"/>
    <property name="stdout.encoding" value="Cp1252"/>
    <property name="path.separator" value=";"/>
    <property name="os.version" value="10.0"/>
    <property name="java.runtime.name" value="OpenJDK Runtime Environment"/>
    <property name="file.encoding" value="UTF-8"/>
    <property name="java.vm.name" value="OpenJDK 64-Bit Server VM"/>
    <property name="localRepository" value="C:\Users\asus\.m2\repository"/>
    <property name="java.vendor.url.bug" value="https://bugreport.java.com/bugreport/"/>
    <property name="java.io.tmpdir" value="C:\Users\asus\AppData\Local\Temp\"/>
    <property name="java.version" value="19.0.1"/>
    <property name="user.dir" value="D:\Playground\Pemrograman-Java\Java-Apache-Maven\Java-Apache-Maven-App"/>
    <property name="os.arch" value="amd64"/>
    <property name="java.vm.specification.name" value="Java Virtual Machine Specification"/>
    <property name="sun.os.patch.level" value=""/>
    <property name="native.encoding" value="Cp1252"/>
    <property name="java.library.path" value="C:\Program Files\Java\jdk-19.0.1\bin;C:\WINDOWS\Sun\Java\bin;C:\WINDOWS\system32;C:\WINDOWS;C:\Program Files\Git\mingw64\bin;C:\Program Files\Git\usr\bin;C:\Users\asus\bin;C:\Python39\Scripts;C:\WINDOWS\system32;C:\WINDOWS;C:\WINDOWS\System32\Wbem;C:\WINDOWS\System32\WindowsPowerShell\v1.0;C:\WINDOWS\System32\OpenSSH;C:\ProgramData\chocolatey\bin;C:\Program Files\Git\cmd;C:\Program Files\mingw64\bin;C:\Program Files\Java\jdk-19.0.1\bin;C:\xampp\mysql\bin;C:\xampp\mysql\data;C:\Python39;C:\Program Files\apache-maven-3.8.7\bin;C:\Program Files\nodejs;C:\Users\asus\AppData\Local\Programs\Python\Python311\Scripts;C:\Users\asus\AppData\Local\Programs\Python\Python311;C:\Users\asus\AppData\Local\Microsoft\WindowsApps;C:\Users\asus\AppData\Local\Programs\Microsoft VS Code\bin;C:\Users\asus\Downloads\flutter\bin;C:\xampp\php;C:\Program Files\JetBrains\PyCharm Community Edition 2022.2.2\bin;C:\Program Files\Azure Data Studio\bin;C:\Program Files\JetBrains\DataGrip 2022.2.5\bin;C:\Users\asus\AppData\Roaming\npm;."/>
    <property name="java.vm.info" value="mixed mode, sharing"/>
    <property name="stderr.encoding" value="Cp1252"/>
    <property name="java.vendor" value="Oracle Corporation"/>
    <property name="java.vm.version" value="19.0.1+10-21"/>
    <property name="sun.io.unicode.encoding" value="UnicodeLittle"/>
    <property name="java.class.version" value="63.0"/>
  </properties>
  <testcase name="shouldAnswerWithTrue" classname="daffa.naufal.fajriansyah.maven.AppTest" time="0.01"/>
</testsuite>